[    0.000000] Initializing cgroup subsys cpuset
[    0.000000] Initializing cgroup subsys cpu
[    0.000000] Initializing cgroup subsys cpuacct
[    0.000000] Linux version 4.4.0-150-generic (buildd@lgw01-amd64-036) (gcc version 5.4.0 20160609 (Ubuntu 5.4.0-6ubuntu1~16.04.10) ) #176-Ubuntu SMP Wed May 29 18:56:26 UTC 2019 (Ubuntu 4.4.0-150.176-generic 4.4.179)
[    0.000000] Command line: BOOT_IMAGE=/boot/vmlinuz-4.4.0-150-generic root=LABEL=cloudimg-rootfs ro console=tty1 console=ttyS0
[    0.000000] KERNEL supported cpus:
[    0.000000]   Intel GenuineIntel
[    0.000000]   AMD AuthenticAMD
[    0.000000]   Centaur CentaurHauls
[    0.000000] x86/fpu: xstate_offset[2]:  576, xstate_sizes[2]:  256
[    0.000000] x86/fpu: Supporting XSAVE feature 0x01: 'x87 floating point registers'
[    0.000000] x86/fpu: Supporting XSAVE feature 0x02: 'SSE registers'
[    0.000000] x86/fpu: Supporting XSAVE feature 0x04: 'AVX registers'
[    0.000000] x86/fpu: Enabled xstate features 0x7, context size is 832 bytes, using 'standard' format.
[    0.000000] e820: BIOS-provided physical RAM map:
[    0.000000] BIOS-e820: [mem 0x0000000000000000-0x000000000009fbff] usable
[    0.000000] BIOS-e820: [mem 0x000000000009fc00-0x000000000009ffff] reserved
[    0.000000] BIOS-e820: [mem 0x00000000000f0000-0x00000000000fffff] reserved
[    0.000000] BIOS-e820: [mem 0x0000000000100000-0x000000007ffeffff] usable
[    0.000000] BIOS-e820: [mem 0x000000007fff0000-0x000000007fffffff] ACPI data
[    0.000000] BIOS-e820: [mem 0x00000000fec00000-0x00000000fec00fff] reserved
[    0.000000] BIOS-e820: [mem 0x00000000fee00000-0x00000000fee00fff] reserved
[    0.000000] BIOS-e820: [mem 0x00000000fffc0000-0x00000000ffffffff] reserved
[    0.000000] NX (Execute Disable) protection: active
[    0.000000] SMBIOS 2.5 present.
[    0.000000] Hypervisor detected: KVM
[    0.000000] e820: last_pfn = 0x7fff0 max_arch_pfn = 0x400000000
[    0.000000] MTRR: Disabled
[    0.000000] x86/PAT: MTRRs disabled, skipping PAT initialization too.
[    0.000000] CPU MTRRs all blank - virtualized system.
[    0.000000] x86/PAT: Configuration [0-7]: WB  WT  UC- UC  WB  WT  UC- UC  
[    0.000000] found SMP MP-table at [mem 0x0009fff0-0x0009ffff] mapped at [ffff88000009fff0]
[    0.000000] Scanning 1 areas for low memory corruption
[    0.000000] RAMDISK: [mem 0x362fc000-0x37175fff]
[    0.000000] ACPI: Early table checksum verification disabled
[    0.000000] ACPI: RSDP 0x00000000000E0000 000024 (v02 VBOX  )
[    0.000000] ACPI: XSDT 0x000000007FFF0030 00003C (v01 VBOX   VBOXXSDT 00000001 ASL  00000061)
[    0.000000] ACPI: FACP 0x000000007FFF00F0 0000F4 (v04 VBOX   VBOXFACP 00000001 ASL  00000061)
[    0.000000] ACPI: DSDT 0x000000007FFF0470 0022EA (v02 VBOX   VBOXBIOS 00000002 INTL 20181213)
[    0.000000] ACPI: FACS 0x000000007FFF0200 000040
[    0.000000] ACPI: FACS 0x000000007FFF0200 000040
[    0.000000] ACPI: APIC 0x000000007FFF0240 00005C (v02 VBOX   VBOXAPIC 00000001 ASL  00000061)
[    0.000000] ACPI: SSDT 0x000000007FFF02A0 0001CC (v01 VBOX   VBOXCPUT 00000002 INTL 20181213)
[    0.000000] No NUMA configuration found
[    0.000000] Faking a node at [mem 0x0000000000000000-0x000000007ffeffff]
[    0.000000] NODE_DATA(0) allocated [mem 0x7ffeb000-0x7ffeffff]
[    0.000000] kvm-clock: Using msrs 4b564d01 and 4b564d00
[    0.000000] kvm-clock: cpu 0, msr 0:7ffe3001, primary cpu clock
[    0.000000] kvm-clock: using sched offset of 4773763502 cycles
[    0.000000] clocksource: kvm-clock: mask: 0xffffffffffffffff max_cycles: 0x1cd42e4dffb, max_idle_ns: 881590591483 ns
[    0.000000] Zone ranges:
[    0.000000]   DMA      [mem 0x0000000000001000-0x0000000000ffffff]
[    0.000000]   DMA32    [mem 0x0000000001000000-0x000000007ffeffff]
[    0.000000]   Normal   empty
[    0.000000]   Device   empty
[    0.000000] Movable zone start for each node
[    0.000000] Early memory node ranges
[    0.000000]   node   0: [mem 0x0000000000001000-0x000000000009efff]
[    0.000000]   node   0: [mem 0x0000000000100000-0x000000007ffeffff]
[    0.000000] Initmem setup node 0 [mem 0x0000000000001000-0x000000007ffeffff]
[    0.000000] ACPI: PM-Timer IO Port: 0x4008
[    0.000000] IOAPIC[0]: apic_id 2, version 32, address 0xfec00000, GSI 0-23
[    0.000000] ACPI: INT_SRC_OVR (bus 0 bus_irq 0 global_irq 2 dfl dfl)
[    0.000000] ACPI: INT_SRC_OVR (bus 0 bus_irq 9 global_irq 9 low level)
[    0.000000] Using ACPI (MADT) for SMP configuration information
[    0.000000] smpboot: Allowing 2 CPUs, 0 hotplug CPUs
[    0.000000] PM: Registered nosave memory: [mem 0x00000000-0x00000fff]
[    0.000000] PM: Registered nosave memory: [mem 0x0009f000-0x0009ffff]
[    0.000000] PM: Registered nosave memory: [mem 0x000a0000-0x000effff]
[    0.000000] PM: Registered nosave memory: [mem 0x000f0000-0x000fffff]
[    0.000000] e820: [mem 0x80000000-0xfebfffff] available for PCI devices
[    0.000000] Booting paravirtualized kernel on KVM
[    0.000000] clocksource: refined-jiffies: mask: 0xffffffff max_cycles: 0xffffffff, max_idle_ns: 7645519600211568 ns
[    0.000000] setup_percpu: NR_CPUS:512 nr_cpumask_bits:512 nr_cpu_ids:2 nr_node_ids:1
[    0.000000] PERCPU: Embedded 34 pages/cpu @ffff88007fc00000 s99480 r8192 d31592 u1048576
[    0.000000] Built 1 zonelists in Node order, mobility grouping on.  Total pages: 515960
[    0.000000] Policy zone: DMA32
[    0.000000] Kernel command line: BOOT_IMAGE=/boot/vmlinuz-4.4.0-150-generic root=LABEL=cloudimg-rootfs ro console=tty1 console=ttyS0
[    0.000000] PID hash table entries: 4096 (order: 3, 32768 bytes)
[    0.000000] Memory: 2029928K/2096696K available (8613K kernel code, 1335K rwdata, 4028K rodata, 1484K init, 1284K bss, 66768K reserved, 0K cma-reserved)
[    0.000000] SLUB: HWalign=64, Order=0-3, MinObjects=0, CPUs=2, Nodes=1
[    0.000000] Kernel/User page tables isolation: enabled
[    0.000000] Hierarchical RCU implementation.
[    0.000000] 	Build-time adjustment of leaf fanout to 64.
[    0.000000] 	RCU restricting CPUs from NR_CPUS=512 to nr_cpu_ids=2.
[    0.000000] RCU: Adjusting geometry for rcu_fanout_leaf=64, nr_cpu_ids=2
[    0.000000] NR_IRQS:33024 nr_irqs:440 16
[    0.000000] Console: colour VGA+ 80x25
[    0.000000] console [tty1] enabled
[    0.000000] console [ttyS0] enabled
[    0.000000] tsc: Detected 1991.999 MHz processor
[    0.596548] Calibrating delay loop (skipped) preset value.. 3983.99 BogoMIPS (lpj=7967996)
[    0.601411] pid_max: default: 32768 minimum: 301
[    0.603727] ACPI: Core revision 20150930
[    0.607241] ACPI: 2 ACPI AML tables successfully acquired and loaded
[    0.609547] Security Framework initialized
[    0.610909] Yama: becoming mindful.
[    0.611965] AppArmor: AppArmor initialized
[    0.613975] Dentry cache hash table entries: 262144 (order: 9, 2097152 bytes)
[    0.616180] Inode-cache hash table entries: 131072 (order: 8, 1048576 bytes)
[    0.618306] Mount-cache hash table entries: 4096 (order: 3, 32768 bytes)
[    0.619789] Mountpoint-cache hash table entries: 4096 (order: 3, 32768 bytes)
[    0.621381] Initializing cgroup subsys io
[    0.622197] Initializing cgroup subsys memory
[    0.623151] Initializing cgroup subsys devices
[    0.624026] Initializing cgroup subsys freezer
[    0.624896] Initializing cgroup subsys net_cls
[    0.625727] Initializing cgroup subsys perf_event
[    0.626539] Initializing cgroup subsys net_prio
[    0.627385] Initializing cgroup subsys hugetlb
[    0.628243] Initializing cgroup subsys pids
[    0.630112] mce: CPU supports 0 MCE banks
[    0.630801] Last level iTLB entries: 4KB 64, 2MB 8, 4MB 8
[    0.631606] Last level dTLB entries: 4KB 64, 2MB 0, 4MB 0, 1GB 4
[    0.632456] Spectre V2 : Mitigation: Full generic retpoline
[    0.633252] Spectre V2 : Spectre v2 / SpectreRSB mitigation: Filling RSB on context switch
[    0.634588] Speculative Store Bypass: Vulnerable
[    0.635368] MDS: Vulnerable: Clear CPU buffers attempted, no microcode
[    0.638694] Freeing SMP alternatives memory: 36K
[    0.711784] ftrace: allocating 32298 entries in 127 pages
[    0.842172] smpboot: APIC(0) Converting physical 0 to logical package 0
[    0.896917] smpboot: Max logical packages: 1
[    0.899336] x2apic enabled
[    0.903859] Switched APIC routing to physical x2apic.
[    0.908390] ..TIMER: vector=0x30 apic1=0 pin1=2 apic2=-1 pin2=-1
[    1.021865] APIC calibration not consistent with PM-Timer: 103ms instead of 100ms
[    1.023287] APIC delta adjusted to PM-Timer: 6250333 (6499244)
[    1.024310] smpboot: CPU0: Intel(R) Core(TM) i7-8550U CPU @ 1.80GHz (family: 0x6, model: 0x8e, stepping: 0xa)
[    1.026228] Performance Events: unsupported p6 CPU model 142 no PMU driver, software events only.
[    1.037055] KVM setup paravirtual spinlock
[    1.038686] x86: Booting SMP configuration:
[    1.039326] .... node  #0, CPUs:      #1
[    1.040036] kvm-clock: cpu 1, msr 0:7ffe3041, secondary cpu clock
[    1.041772] mce: CPU supports 0 MCE banks
[    1.044165] x86: Booted up 1 node, 2 CPUs
[    1.044954] smpboot: Total of 2 processors activated (7967.99 BogoMIPS)
[    1.046338] devtmpfs: initialized
[    1.048342] evm: security.selinux
[    1.048903] evm: security.SMACK64
[    1.049455] evm: security.SMACK64EXEC
[    1.103246] evm: security.SMACK64TRANSMUTE
[    1.105583] evm: security.SMACK64MMAP
[    1.107554] evm: security.ima
[    1.109198] evm: security.capability
[    1.112054] clocksource: jiffies: mask: 0xffffffff max_cycles: 0xffffffff, max_idle_ns: 7645041785100000 ns
[    1.118278] futex hash table entries: 512 (order: 3, 32768 bytes)
[    1.122344] pinctrl core: initialized pinctrl subsystem
[    1.125831] RTC time:  8:46:05, date: 06/25/19
[    1.128346] NET: Registered protocol family 16
[    1.140180] cpuidle: using governor ladder
[    1.152211] cpuidle: using governor menu
[    1.153314] PCCT header not found.
[    1.154339] ACPI: bus type PCI registered
[    1.155381] acpiphp: ACPI Hot Plug PCI Controller Driver version: 0.5
[    1.160627] PCI: Using configuration type 1 for base access
[    1.180984] ACPI: Added _OSI(Module Device)
[    1.182236] ACPI: Added _OSI(Processor Device)
[    1.183405] ACPI: Added _OSI(3.0 _SCP Extensions)
[    1.184771] ACPI: Added _OSI(Processor Aggregator Device)
[    1.202701] ACPI: Executed 1 blocks of module-level executable AML code
[    1.207838] ACPI: Interpreter enabled
[    1.209185] ACPI: (supports S0 S5)
[    1.210194] ACPI: Using IOAPIC for interrupt routing
[    1.212016] PCI: Using host bridge windows from ACPI; if necessary, use "pci=nocrs" and report a bug
[    1.220871] ACPI: PCI Root Bridge [PCI0] (domain 0000 [bus 00-ff])
[    1.222576] acpi PNP0A03:00: _OSC: OS supports [ASPM ClockPM Segments MSI]
[    1.224783] acpi PNP0A03:00: _OSC: not requesting OS control; OS requires [ExtendedConfig ASPM ClockPM MSI]
[    1.227533] acpi PNP0A03:00: fail to add MMCONFIG information, can't access extended PCI configuration space under this bridge.
[    1.231073] PCI host bridge to bus 0000:00
[    1.232064] pci_bus 0000:00: root bus resource [io  0x0000-0x0cf7 window]
[    1.233525] pci_bus 0000:00: root bus resource [io  0x0d00-0xffff window]
[    1.234937] pci_bus 0000:00: root bus resource [mem 0x000a0000-0x000bffff window]
[    1.236939] pci_bus 0000:00: root bus resource [mem 0x80000000-0xfdffffff window]
[    1.239388] pci_bus 0000:00: root bus resource [bus 00-ff]
[    1.244197] pci 0000:00:01.1: legacy IDE quirk: reg 0x10: [io  0x01f0-0x01f7]
[    1.246161] pci 0000:00:01.1: legacy IDE quirk: reg 0x14: [io  0x03f6]
[    1.247558] pci 0000:00:01.1: legacy IDE quirk: reg 0x18: [io  0x0170-0x0177]
[    1.331983] pci 0000:00:01.1: legacy IDE quirk: reg 0x1c: [io  0x0376]
[    1.399878] pci 0000:00:07.0: quirk: [io  0x4000-0x403f] claimed by PIIX4 ACPI
[    1.401761] pci 0000:00:07.0: quirk: [io  0x4100-0x410f] claimed by PIIX4 SMB
[    1.426069] ACPI: PCI Interrupt Link [LNKA] (IRQs 5 9 10 *11)
[    1.431057] ACPI: PCI Interrupt Link [LNKB] (IRQs 5 9 *10 11)
[    1.433017] ACPI: PCI Interrupt Link [LNKC] (IRQs 5 *9 10 11)
[    1.434859] ACPI: PCI Interrupt Link [LNKD] (IRQs 5 9 10 *11)
[    1.437513] ACPI: Enabled 2 GPEs in block 00 to 07
[    1.439619] vgaarb: setting as boot device: PCI:0000:00:02.0
[    1.441064] vgaarb: device added: PCI:0000:00:02.0,decodes=io+mem,owns=io+mem,locks=none
[    1.443701] vgaarb: loaded
[    1.444623] vgaarb: bridge control possible 0000:00:02.0
[    1.446109] SCSI subsystem initialized
[    1.447228] ACPI: bus type USB registered
[    1.448264] usbcore: registered new interface driver usbfs
[    1.449477] usbcore: registered new interface driver hub
[    1.450674] usbcore: registered new device driver usb
[    1.454153] PCI: Using ACPI for IRQ routing
[    1.456724] NetLabel: Initializing
[    1.457821] NetLabel:  domain hash size = 128
[    1.459132] NetLabel:  protocols = UNLABELED CIPSOv4
[    1.460889] NetLabel:  unlabeled traffic allowed by default
[    1.462296] amd_nb: Cannot enumerate AMD northbridges
[    1.463503] clocksource: Switched to clocksource kvm-clock
[    1.514605] AppArmor: AppArmor Filesystem Enabled
[    1.515991] pnp: PnP ACPI init
[    1.517746] pnp: PnP ACPI: found 3 devices
[    1.532866] clocksource: acpi_pm: mask: 0xffffff max_cycles: 0xffffff, max_idle_ns: 2085701024 ns
[    1.535036] NET: Registered protocol family 2
[    1.536932] TCP established hash table entries: 16384 (order: 5, 131072 bytes)
[    1.539692] TCP bind hash table entries: 16384 (order: 6, 262144 bytes)
[    1.541618] TCP: Hash tables configured (established 16384 bind 16384)
[    1.543686] UDP hash table entries: 1024 (order: 3, 32768 bytes)
[    1.545175] UDP-Lite hash table entries: 1024 (order: 3, 32768 bytes)
[    1.546646] NET: Registered protocol family 1
[    1.547736] pci 0000:00:00.0: Limiting direct PCI/PCI transfers
[    1.549156] pci 0000:00:01.0: Activating ISA DMA hang workarounds
[    1.550606] Unpacking initramfs...
[    2.097480] Freeing initrd memory: 14824K
[    2.098497] clocksource: tsc: mask: 0xffffffffffffffff max_cycles: 0x396d4ffc055, max_idle_ns: 881590662783 ns
[    2.100605] platform rtc_cmos: registered platform RTC device (no PNP device found)
[    2.102124] Scanning for low memory corruption every 60 seconds
[    2.103793] audit: initializing netlink subsys (disabled)
[    2.104968] audit: type=2000 audit(1561452371.909:1): initialized
[    2.106571] Initialise system trusted keyring
[    2.107742] HugeTLB registered 2 MB page size, pre-allocated 0 pages
[    2.110082] zbud: loaded
[    2.111071] VFS: Disk quotas dquot_6.6.0
[    2.112000] VFS: Dquot-cache hash table entries: 512 (order 0, 4096 bytes)
[    2.113474] squashfs: version 4.0 (2009/01/31) Phillip Lougher
[    2.114831] fuse init (API version 7.23)
[    2.115799] Key type big_key registered
[    2.116662] Allocating IMA MOK and blacklist keyrings.
[    2.118297] Key type asymmetric registered
[    2.119186] Asymmetric key parser 'x509' registered
[    2.120183] Block layer SCSI generic (bsg) driver version 0.4 loaded (major 249)
[    2.121661] io scheduler noop registered
[    2.122498] io scheduler deadline registered (default)
[    2.124489] io scheduler cfq registered
[    2.126370] pci_hotplug: PCI Hot Plug PCI Core version: 0.5
[    2.127564] pciehp: PCI Express Hot Plug Controller Driver version: 0.4
[    2.128662] ACPI: AC Adapter [AC] (off-line)
[    2.129408] input: Power Button as /devices/LNXSYSTM:00/LNXPWRBN:00/input/input0
[    2.130610] ACPI: Power Button [PWRF]
[    2.186185] input: Sleep Button as /devices/LNXSYSTM:00/LNXSLPBN:00/input/input1
[    2.192519] ACPI: Sleep Button [SLPF]
[    2.199390] ACPI: Battery Slot [BAT0] (battery present)
[    2.202132] GHES: HEST is not enabled!
[    2.205131] virtio-pci 0000:00:08.0: virtio_pci: leaving for legacy driver
[    2.207776] Serial: 8250/16550 driver, 32 ports, IRQ sharing enabled
[    2.230848] 00:02: ttyS0 at I/O 0x3f8 (irq = 4, base_baud = 115200) is a 16550A
[    2.235439] Linux agpgart interface v0.103
[    2.238241] loop: module loaded
[    2.239384] scsi host0: ata_piix
[    2.240069] scsi host1: ata_piix
[    2.240676] ata1: PATA max UDMA/33 cmd 0x1f0 ctl 0x3f6 bmdma 0xd000 irq 14
[    2.241684] ata2: PATA max UDMA/33 cmd 0x170 ctl 0x376 bmdma 0xd008 irq 15
[    2.242743] libphy: Fixed MDIO Bus: probed
[    2.244351] tun: Universal TUN/TAP device driver, 1.6
[    2.246099] tun: (C) 1999-2004 Max Krasnyansky <maxk@qualcomm.com>
[    2.247501] PPP generic driver version 2.4.2
[    2.248297] ehci_hcd: USB 2.0 'Enhanced' Host Controller (EHCI) Driver
[    2.249213] ehci-pci: EHCI PCI platform driver
[    2.249987] ehci-platform: EHCI generic platform driver
[    2.278261] ohci_hcd: USB 1.1 'Open' Host Controller (OHCI) Driver
[    2.281364] ohci-pci: OHCI PCI platform driver
[    2.283533] ohci-platform: OHCI generic platform driver
[    2.286107] uhci_hcd: USB Universal Host Controller Interface driver
[    2.289241] i8042: PNP: PS/2 Controller [PNP0303:PS2K,PNP0f03:PS2M] at 0x60,0x64 irq 1,12
[    2.292826] serio: i8042 KBD port at 0x60,0x64 irq 1
[    2.294487] serio: i8042 AUX port at 0x60,0x64 irq 12
[    2.296355] mousedev: PS/2 mouse device common for all mice
[    2.298495] input: AT Translated Set 2 keyboard as /devices/platform/i8042/serio0/input/input2
[    2.301302] rtc_cmos rtc_cmos: rtc core: registered rtc_cmos as rtc0
[    2.302881] rtc_cmos rtc_cmos: alarms up to one day, 114 bytes nvram
[    2.304377] i2c /dev entries driver
[    2.305170] device-mapper: uevent: version 1.0.3
[    2.306167] device-mapper: ioctl: 4.34.0-ioctl (2015-10-28) initialised: dm-devel@redhat.com
[    2.307840] ledtrig-cpu: registered to indicate activity on CPUs
[    2.309289] NET: Registered protocol family 10
[    2.310263] NET: Registered protocol family 17
[    2.311075] Key type dns_resolver registered
[    2.312285] registered taskstats version 1
[    2.313072] Loading compiled-in X.509 certificates
[    2.314474] Loaded X.509 cert 'Build time autogenerated kernel key: a7915d3ef14e82ec7978a6e44664328aa121e7a5'
[    2.317554] zswap: loaded using pool lzo/zbud
[    2.320446] Key type trusted registered
[    2.323637] Key type encrypted registered
[    2.324320] AppArmor: AppArmor sha1 policy hashing enabled
[    2.325094] ima: No TPM chip found, activating TPM-bypass!
[    2.325895] ima: Allocated hash algorithm: sha1
[    2.326575] evm: HMAC attrs: 0x1
[    2.327431]   Magic number: 7:960:776
[    2.328167] rtc_cmos rtc_cmos: setting system clock to 2019-06-25 08:46:07 UTC (1561452367)
[    2.381274] BIOS EDD facility v0.16 2004-Jun-25, 0 devices found
[    2.385973] EDD information not available.
[    2.403271] Freeing unused kernel memory: 1484K
[    2.406805] Write protecting the kernel read-only data: 14336k
[    2.412526] Freeing unused kernel memory: 1616K
[    2.416660] Freeing unused kernel memory: 68K
Loading, please wait...
starting version 229
[    2.454939] random: systemd-udevd: uninitialized urandom read (16 bytes read, 3 bits of entropy available)
[    2.455968] random: udevadm: uninitialized urandom read (16 bytes read, 3 bits of entropy available)
[    2.455997] random: udevadm: uninitialized urandom read (16 bytes read, 3 bits of entropy available)
[    2.464603] random: udevadm: uninitialized urandom read (16 bytes read, 3 bits of entropy available)
[    2.464643] random: udevadm: uninitialized urandom read (16 bytes read, 3 bits of entropy available)
[    2.464763] random: udevadm: uninitialized urandom read (16 bytes read, 3 bits of entropy available)
[    2.464806] random: udevadm: uninitialized urandom read (16 bytes read, 3 bits of entropy available)
[    2.464847] random: udevadm: uninitialized urandom read (16 bytes read, 3 bits of entropy available)
[    2.464895] random: udevadm: uninitialized urandom read (16 bytes read, 3 bits of entropy available)
[    2.464937] random: udevadm: uninitialized urandom read (16 bytes read, 3 bits of entropy available)
[    2.537165] virtio_net virtio0 enp0s8: renamed from eth0
[    2.542438] Fusion MPT base driver 3.04.20
[    2.544074] Copyright (c) 1999-2008 LSI Corporation
[    2.607863] e1000: Intel(R) PRO/1000 Network Driver - version 7.3.21-k8-NAPI
[    2.610673] e1000: Copyright (c) 1999-2006 Intel Corporation.
[    2.624344] Fusion MPT SPI Host driver 3.04.20
[    2.633535] AVX2 version of gcm_enc/dec engaged.
[    2.634484] AES CTR mode by8 optimization enabled
[    2.806169] input: ImExPS/2 Generic Explorer Mouse as /devices/platform/i8042/serio1/input/input4
[    3.368522] e1000 0000:00:03.0 eth0: (PCI:33MHz:32-bit) 02:2e:c1:de:99:b7
[    3.371775] e1000 0000:00:03.0 eth0: Intel(R) PRO/1000 Network Connection
[    3.375723] mptbase: ioc0: Initiating bringup
[    3.376314] e1000 0000:00:03.0 enp0s3: renamed from eth0
[    3.452341] ioc0: LSI53C1030 A0: Capabilities={Initiator}
[    3.624468] scsi host2: ioc0: LSI53C1030 A0, FwRev=00000000h, Ports=1, MaxQ=256, IRQ=20
[    3.744667] scsi 2:0:0:0: Direct-Access     VBOX     HARDDISK         1.0  PQ: 0 ANSI: 5
[    3.748924] scsi target2:0:0: Beginning Domain Validation
[    3.762096] scsi target2:0:0: Domain Validation skipping write tests
[    3.766107] scsi target2:0:0: Ending Domain Validation
[    3.769758] scsi target2:0:0: asynchronous
[    3.775593] scsi 2:0:1:0: Direct-Access     VBOX     HARDDISK         1.0  PQ: 0 ANSI: 5
[    3.801059] scsi target2:0:1: Beginning Domain Validation
[    3.851398] scsi target2:0:1: Domain Validation skipping write tests
[    3.856134] scsi target2:0:1: Ending Domain Validation
[    3.860375] scsi target2:0:1: asynchronous
[    3.892729] sd 2:0:0:0: Attached scsi generic sg0 type 0
[    3.895291] sd 2:0:0:0: [sda] 20971520 512-byte logical blocks: (10.7 GB/10.0 GiB)
[    3.899595] sd 2:0:1:0: Attached scsi generic sg1 type 0
[    3.940759] sd 2:0:1:0: [sdb] 20480 512-byte logical blocks: (10.5 MB/10.0 MiB)
[    3.945529] sd 2:0:0:0: [sda] Write Protect is off
[    3.951300] sd 2:0:0:0: [sda] Incomplete mode parameter data
[    3.951433] sd 2:0:1:0: [sdb] Write Protect is off
[    3.958257] sd 2:0:0:0: [sda] Assuming drive cache: write through
[    3.961828] sd 2:0:1:0: [sdb] Incomplete mode parameter data
[    3.965110] sd 2:0:1:0: [sdb] Assuming drive cache: write through
[    3.971318]  sda: sda1
[    3.976346] sd 2:0:0:0: [sda] Attached SCSI disk
[    3.979655] sd 2:0:1:0: [sdb] Attached SCSI disk
Begin: Loading essential drivers ... [    5.509446] md: linear personality registered for level -1
[    5.512145] md: multipath personality registered for level -4
[    5.514816] md: raid0 personality registered for level 0
[    5.518042] md: raid1 personality registered for level 1
[    5.587573] raid6: sse2x1   gen() 11289 MB/s
[    5.672846] raid6: sse2x1   xor()  8525 MB/s
[    5.776550] raid6: sse2x2   gen() 13740 MB/s
[    5.843528] raid6: sse2x2   xor()  5318 MB/s
[    5.980662] raid6: sse2x4   gen()  7711 MB/s
[    6.082297] raid6: sse2x4   xor()  5334 MB/s
[    6.183941] raid6: avx2x1   gen() 10293 MB/s
[    6.291929] raid6: avx2x2   gen()  9308 MB/s
[    6.359570] raid6: avx2x4   gen() 17480 MB/s
[    6.397760] raid6: using algorithm avx2x4 gen() 17480 MB/s
[    6.398785] raid6: using avx2x2 recovery algorithm
[    6.401171] xor: automatically using best checksumming function:
[    6.448034]    avx       : 60352.000 MB/sec
[    6.501050] async_tx: api initialized (async)
[    6.509384] md: raid6 personality registered for level 6
[    6.510223] md: raid5 personality registered for level 5
[    6.511071] md: raid4 personality registered for level 4
[    6.517409] md: raid10 personality registered for level 10
done.
Begin: Running /scripts/init-premount ... done.
Begin: Mounting root file system ... Begin: Running /scripts/local-top ... done.
Begin: Running /scripts/local-premount ... [    6.541808] Btrfs loaded
Scanning for Btrfs filesystems
done.
Warning: fsck not present, so skipping root file system
[    6.617476] EXT4-fs (sda1): mounted filesystem with ordered data mode. Opts: (null)
done.
Begin: Running /scripts/local-bottom ... done.
Begin: Running /scripts/init-bottom ... done.
[    6.729509] systemd[1]: systemd 229 running in system mode. (+PAM +AUDIT +SELINUX +IMA +APPARMOR +SMACK +SYSVINIT +UTMP +LIBCRYPTSETUP +GCRYPT +GNUTLS +ACL +XZ -LZ4 +SECCOMP +BLKID +ELFUTILS +KMOD -IDN)
[    6.732602] systemd[1]: Detected virtualization oracle.
[    6.733481] systemd[1]: Detected architecture x86-64.

Welcome to [1mUbuntu 16.04.6 LTS[0m!

[    6.752334] systemd[1]: Set hostname to <ubuntu>.
[    6.757766] systemd[1]: Initializing machine ID from random generator.
[    6.758898] systemd[1]: Installed transient /etc/machine-id file.
[    6.987550] systemd[1]: Reached target User and Group Name Lookups.
[[0;32m  OK  [0m] Reached target User and Group Name Lookups.
[    6.990483] systemd[1]: Set up automount Arbitrary Executable File Formats File System Automount Point.
[[0;32m  OK  [0m] Set up automount Arbitrary Executab...ats File System Automount Point.
[    7.014651] systemd[1]: Created slice User and Session Slice.
[[0;32m  OK  [0m] Created slice User and Session Slice.
[    7.017108] systemd[1]: Listening on Syslog Socket.
[[0;32m  OK  [0m] Listening on Syslog Socket.
[    7.018967] systemd[1]: Listening on Device-mapper event daemon FIFOs.
[[0;32m  OK  [0m] Listening on Device-mapper event daemon FIFOs.
[    7.021505] systemd[1]: Listening on udev Kernel Socket.
[[0;32m  OK  [0m] Listening on udev Kernel Socket.
[    7.023830] systemd[1]: Reached target System Time Synchronized.
[[0;32m  OK  [0m] Reached target System Time Synchronized.
[    7.026298] systemd[1]: Listening on Journal Audit Socket.
[[0;32m  OK  [0m] Listening on Journal Audit Socket.
[    7.028757] systemd[1]: Listening on Journal Socket.
[[0;32m  OK  [0m] Listening on Journal Socket.
[    7.030719] systemd[1]: Reached target Encrypted Volumes.
[[0;32m  OK  [0m] Reached target Encrypted Volumes.
[    7.032886] systemd[1]: Listening on /dev/initctl Compatibility Named Pipe.
[[0;32m  OK  [0m] Listening on /dev/initctl Compatibility Named Pipe.
[    7.099697] systemd[1]: Listening on LVM2 poll daemon socket.
[[0;32m  OK  [0m] Listening on LVM2 poll daemon socket.
[    7.102002] systemd[1]: Listening on udev Control Socket.
[[0;32m  OK  [0m] Listening on udev Control Socket.
[    7.104152] systemd[1]: Started Trigger resolvconf update for networkd DNS.
[[0;32m  OK  [0m] Started Trigger resolvconf update for networkd DNS.
[    7.106467] systemd[1]: Listening on LVM2 metadata daemon socket.
[[0;32m  OK  [0m] Listening on LVM2 metadata daemon socket.
[    7.108651] systemd[1]: Started Forward Password Requests to Wall Directory Watch.
[[0;32m  OK  [0m] Started Forward Password Requests to Wall Directory Watch.
[    7.111478] systemd[1]: Listening on Journal Socket (/dev/log).
[[0;32m  OK  [0m] Listening on Journal Socket (/dev/log).
[    7.213661] systemd[1]: Created slice System Slice.
[[0;32m  OK  [0m] Created slice System Slice.
[    7.221315] systemd[1]: Reached target Slices.
[[0;32m  OK  [0m] Reached target Slices.
[    7.244497] systemd[1]: Starting Load Kernel Modules...
         Starting Load Kernel Modules...
[    7.253250] systemd[1]: Mounting Debug File System...
         Mounting Debug File System...
[    7.259113] systemd[1]: Starting Journal Service...
         Starting Journal Service...
[    7.264434] systemd[1]: Starting Create list of required static device nodes for the current kernel...
         Starting Create list of required st... nodes for the current kernel...
[    7.270862] Loading iSCSI transport class v2.0-870.
[    7.276719] systemd[1]: Starting Set console keymap...
         Starting Set console keymap...
[    7.325525] systemd[1]: Starting Monitoring of LVM2 mirrors, snapshots etc. using dmeventd or progress polling...
[    7.338889] iscsi: registered transport (tcp)
         Starting Monitoring of LVM2 mirrors... dmeventd or progress polling...
[    7.363851] systemd[1]: Starting Uncomplicated firewall...
         Starting Uncomplicated firewall...
[    7.376978] systemd[1]: Mounting POSIX Message Queue File System...
         Mounting POSIX Message Queue File System...
[    7.444602] systemd[1]: Starting Remount Root and Kernel File Systems...
[    7.456988] random: nonblocking pool is initialized
[    7.459045] EXT4-fs (sda1): re-mounted. Opts: (null)
         Starting Remount Root and Kernel File Systems...
[    7.468483] iscsi: registered transport (iser)
[    7.476200] systemd[1]: Mounting Huge Pages File System...
         Mounting Huge Pages File System...
[    7.483238] systemd[1]: Created slice system-serial\x2dgetty.slice.
[[0;32m  OK  [0m] Created slice system-serial\x2dgetty.slice.
[    7.489137] systemd[1]: Starting Nameserver information manager...
         Starting Nameserver information manager...
[    7.492211] systemd[1]: Reached target Swap.
[[0;32m  OK  [0m] Reached target Swap.
[    7.553118] systemd[1]: Mounted POSIX Message Queue File System.
[[0;32m  OK  [0m] Mounted POSIX Message Queue File System.
[    7.557349] systemd[1]: Mounted Debug File System.
[[0;32m  OK  [0m] Mounted Debug File System.
[    7.560238] systemd[1]: Mounted Huge Pages File System.
[[0;32m  OK  [0m] Mounted Huge Pages File System.
[    7.563805] systemd[1]: Started Journal Service.
[[0;32m  OK  [0m] Started Journal Service.
[[0;32m  OK  [0m] Started Load Kernel Modules.
[[0;32m  OK  [0m] Started Create list of required sta...ce nodes for the current kernel.
[[0;32m  OK  [0m] Started Set console keymap.
[[0;32m  OK  [0m] Started Uncomplicated firewall.
[[0;32m  OK  [0m] Started Remount Root and Kernel File Systems.
[[0;32m  OK  [0m] Started Nameserver information manager.
[[0;32m  OK  [0m] Started LVM2 metadata daemon.
         Starting Load/Save Random Seed...
         Starting udev Coldplug all Devices...
         Starting Create Static Device Nodes in /dev...
         Starting Apply Kernel Variables...
         Mounting FUSE Control File System...
         Starting Flush Journal to Persistent Storage...
[[0;32m  OK  [0m] Mounted FUSE Control File System.
[[0;32m  OK  [0m] Started Load/Save Random Seed.
[[0;32m  OK  [0m] Started Apply Kernel Variables.
[[0;32m  OK  [0m] Started Create Static Device Nodes in /dev.
[[0;32m  OK  [0m] Started Monitoring of LVM2 mirrors,...ng dmeventd or progress polling.
[[0;32m  OK  [0m] Started udev Coldplug all Devices.
[[0;32m  OK  [0m] Started Flush Journal to Persistent Storage.
[[0;32m  OK  [0m] Reached target Local File Systems (Pre).
[[0;32m  OK  [0m] Reached target Local File Systems.
         Starting LSB: AppArmor initialization...
         Starting Set console font and keymap...
         Starting Initial cloud-init job (pre-networking)...
         Starting Commit a transient machine-id on disk...
         Starting Tell Plymouth To Write Out Runtime Data...
         Starting Create Volatile Files and Directories...
         Starting udev Kernel Device Manager...
[[0;32m  OK  [0m] Started Create Volatile Files and Directories.
[[0;32m  OK  [0m] Started Commit a transient machine-id on disk.
[[0;32m  OK  [0m] Started Tell Plymouth To Write Out Runtime Data.
         Starting Update UTMP about System Boot/Shutdown...
[[0;32m  OK  [0m] Started Update UTMP about System Boot/Shutdown.
[[0;32m  OK  [0m] Started udev Kernel Device Manager.
[[0;32m  OK  [0m] Started Dispatch Password Requests to Console Directory Watch.
[[0;32m  OK  [0m] Found device /dev/ttyS0.
[[0;32m  OK  [0m] Started Set console font and keymap.
[[0;32m  OK  [0m] Created slice system-getty.slice.
[[0;32m  OK  [0m] Started LSB: AppArmor initialization.
[[0;32m  OK  [0m] Listening on Load/Save RF Kill Switch Status /dev/rfkill Watch.
[    9.595359] cloud-init[479]: Cloud-init v. 19.1-1-gbaa47854-0ubuntu1~16.04.1 running 'init-local' at Tue, 25 Jun 2019 08:46:15 +0000. Up 9.08 seconds.
[[0;32m  OK  [0m] Started Initial cloud-init job (pre-networking).
[[0;32m  OK  [0m] Reached target Network (Pre).
         Starting Raise network interfaces...
[[0;32m  OK  [0m] Started Raise network interfaces.
[[0;32m  OK  [0m] Reached target Network.
         Starting Initial cloud-init job (metadata service crawler)...
[   12.295189] cloud-init[969]: Cloud-init v. 19.1-1-gbaa47854-0ubuntu1~16.04.1 running 'init' at Tue, 25 Jun 2019 08:46:17 +0000. Up 10.96 seconds.
[   12.297762] cloud-init[969]: ci-info: ++++++++++++++++++++++++++++++++++++++Net device info+++++++++++++++++++++++++++++++++++++++
[   12.300447] cloud-init[969]: ci-info: +--------+-------+----------------------------+---------------+--------+-------------------+
[   12.303020] cloud-init[969]: ci-info: | Device |   Up  |          Address           |      Mask     | Scope  |     Hw-Address    |
[   12.305097] cloud-init[969]: ci-info: +--------+-------+----------------------------+---------------+--------+-------------------+
[   12.306984] cloud-init[969]: ci-info: | enp0s3 |  True |         10.0.2.15          | 255.255.255.0 | global | 02:2e:c1:de:99:b7 |
[   12.350167] cloud-init[969]: ci-info: | enp0s3 |  True | fe80::2e:c1ff:fede:99b7/64 |       .       |  link  | 02:2e:c1:de:99:b7 |
[   12.351987] cloud-init[969]: ci-info: | enp0s8 | False |             .              |       .       |   .    | 08:00:27:07:f2:6e |
[   12.354248] cloud-init[969]: ci-info: |   lo   |  True |         127.0.0.1          |   255.0.0.0   |  host  |         .         |
[   12.356783] cloud-init[969]: ci-info: |   lo   |  True |          ::1/128           |       .       |  host  |         .         |
[   12.364978] cloud-init[969]: ci-info: +--------+-------+----------------------------+---------------+--------+-------------------+
[   12.366451] cloud-init[969]: ci-info: +++++++++++++++++++++++++++Route IPv4 info++++++++++++++++++++++++++++
[   12.367824] cloud-init[969]: ci-info: +-------+-------------+----------+---------------+-----------+-------+
[   12.369086] cloud-init[969]: ci-info: | Route | Destination | Gateway  |    Genmask    | Interface | Flags |
[   12.376309] cloud-init[969]: ci-info: +-------+-------------+----------+---------------+-----------+-------+
[[0;32m  OK  [0m] Started Initial cloud-init job (metadata service crawler).
[   12.376520] cloud-init[969]: ci-info: |   0   |   0.0.0.0   | 10.0.2.2 |    0.0.0.0    |   enp0s3  |   UG  |
[   12.379708] cloud-init[969]: ci-info: |   1   |   10.0.2.0  | 0.0.0.0  | 255.255.255.0 |   enp0s3  |   U   |
[   12.379875] cloud-init[969]: ci-info: +-------+-------------+----------+---------------+-----------+-------+
[   12.380341] cloud-init[969]: ci-info: +++++++++++++++++++Route IPv6 info+++++++++++++++++++
[   12.380807] cloud-init[969]: ci-info: +-------+-------------+---------+-----------+-------+
[   12.381255] cloud-init[969]: ci-info: | Route | Destination | Gateway | Interface | Flags |
[   12.381709] cloud-init[969]: ci-info: +-------+-------------+---------+-----------+-------+
[   12.382168] cloud-init[969]: ci-info: |   0   |  fe80::/64  |    ::   |   enp0s3  |   U   |
[   12.382632] cloud-init[969]: ci-info: |   3   |   ff00::/8  |    ::   |   enp0s3  |   U   |
[   12.383074] cloud-init[969]: ci-info: +-------+-------------+---------+-----------+-------+
[   12.383528] cloud-init[969]: Generating public/private rsa key pair.
[   12.383982] cloud-init[969]: Your identification has been saved in /etc/ssh/ssh_host_rsa_key.
[   12.384450] cloud-init[969]: Your public key has been saved in /etc/ssh/ssh_host_rsa_key.pub.
[   12.384911] cloud-init[969]: The key fingerprint is:
[   12.385358] cloud-init[969]: SHA256:ibN1bkbonU9f03WKFb368bvy68ZmH5jOkcPttZAGpxE root@ubuntu-xenial
[   12.385811] cloud-init[969]: The key's randomart image is:
[   12.386267] cloud-init[969]: +---[RSA 2048]----+
[   12.386717] cloud-init[969]: |                 |
[   12.387176] cloud-init[969]: |               . |
[   12.387627] cloud-init[969]: |           E  . .|
[   12.388244] cloud-init[969]: |       . o  .  ..|
[   12.388701] cloud-init[969]: |      o S oo ...o|
[   12.389149] cloud-init[969]: |       = = .*oB.+|
[   12.389602] cloud-init[969]: |      . . *.o%o=+|
[   12.390056] cloud-init[969]: |         o o+o**B|
[   12.390511] cloud-init[969]: |            .oOXB|
[   12.390968] cloud-init[969]: +----[SHA256]-----+
[[0;32m  OK  [0m] Reached target System Initialization.
         Starting Socket activation for snappy daemon.
[   12.391507] cloud-init[969]: Generating public/private dsa key pair.
         Starting LXD - unix socket.
[[0;32m  OK  [0m] Listening on D-Bus System Message Bus Socket.
[   12.405183] cloud-init[969]: Your identification has been saved in /etc/ssh/ssh_host_dsa_key.
[   12.426941] cloud-init[969]: Your public key has been saved in /etc/ssh/ssh_host_dsa_key.pub.
[   12.472162] cloud-init[969]: The key fingerprint is:
[   12.473352] cloud-init[969]: SHA256:h18Hgt9meOgkt9CHFHrVWv1xhvdWOUdxut0z3M8jVTQ root@ubuntu-xenial
[   12.474579] cloud-init[969]: The key's randomart image is:
[   12.477367] cloud-init[969]: +---[DSA 1024]----+
[[0;32m  OK  [0m] Started ACPI Events Check.
[   12.477882] cloud-init[969]: |          . .. E*|
[   12.487565] cloud-init[969]: |         o o  +*X|
[   12.488290] cloud-init[969]: |        o + .o.oX|
[   12.490325] cloud-init[969]: |         * *...oB|
[   12.491877] cloud-init[969]: |        S X B o*+|
[   12.494139] cloud-init[969]: |         O B ...+|
[[0;32m  OK  [0m] Reached target Paths.
[[   12.495095] cloud-init[969]: |          +  . .o|
[   12.499458] cloud-init[969]: |              . .|
[   12.500913] cloud-init[969]: |                 |
[   12.501761] cloud-init[969]: +----[SHA256]-----+
[   12.502630] cloud-init[969]: Generating public/private ecdsa key pair.
[0;32m  OK  [0m] Started Daily apt download activities.
[[   12.502808] cloud-init[969]: Your identification has been saved in /etc/ssh/ssh_host_ecdsa_key.
[   12.507940] cloud-init[969]: Your public key has been saved in /etc/ssh/ssh_host_ecdsa_key.pub.
[   12.508735] cloud-init[969]: The key fingerprint is:
[   12.509237] cloud-init[969]: SHA256:MhSsEDAqHK/Z0mrbFhaL2M2zMrInQ5YKctvURHBKYzE root@ubuntu-xenial
[   12.509765] cloud-init[969]: The key's randomart image is:
[   12.510290] cloud-init[969]: +---[ECDSA 256]---+
[   12.510816] cloud-init[969]: |oo..E+o          |
[   12.511328] cloud-init[969]: |o.+o =o.         |
[   12.511854] cloud-init[969]: |o. o.o.          |
[   12.512664] cloud-init[969]: |. =....          |
[   12.513130] cloud-init[969]: |.=o=ooo S        |
[   12.513555] cloud-init[969]: |+==+= .o         |
[   12.513983] cloud-init[969]: |*+.+.o           |
[   12.514410] cloud-init[969]: |* B.o            |
[   12.514837] cloud-init[969]: |.B.+             |
[   12.515265] cloud-init[969]: +----[SHA256]-----+
[   12.515693] cloud-init[969]: Generating public/private ed25519 key pair.
[   12.516341] cloud-init[969]: Your identification has been saved in /etc/ssh/ssh_host_ed25519_key.
[   12.517001] cloud-init[969]: Your public key has been saved in /etc/ssh/ssh_host_ed25519_key.pub.
[   12.517425] cloud-init[969]: The key fingerprint is:
[   12.517844] cloud-init[969]: SHA256:wFADFFbiWOV0FdjK2UsgTUDA3UR7x8L2K7ru0Ue/CoQ root@ubuntu-xenial
[   12.518239] cloud-init[969]: The key's randomart image is:
[   12.518596] cloud-init[969]: +--[ED25519 256]--+
[   12.518968] cloud-init[969]: |   oXXOB=+o.     |
[   12.519325] cloud-init[969]: |   =.*oo=o..     |
[   12.519857] cloud-init[969]: |  . . +o.== o    |
[   12.551250] cloud-init[969]: |       .++o+     |
[   12.551378] cloud-init[969]: |        E...o    |
[   12.552972] cloud-init[969]: |         o.. o   |
[   12.553974] cloud-init[969]: |        . + o .  |
[   12.555034] cloud-init[969]: |         o +   . |
[   12.556113] cloud-init[969]: |       o=.  ...  |
[   12.557057] cloud-init[969]: +----[SHA256]-----+
[0;32m  OK  [0m] Started Daily apt upgrade and clean activities.
[[0;32m  OK  [0m] Listening on ACPID Listen Socket.
[[0;32m  OK  [0m] Started Daily Cleanup of Temporary Directories.
[[0;32m  OK  [0m] Reached target Timers.
[[0;32m  OK  [0m] Listening on UUID daemon activation socket.
[[0;32m  OK  [0m] Reached target Network is Online.
         Starting iSCSI initiator daemon (iscsid)...
[[0;32m  OK  [0m] Reached target Cloud-config availability.
[[0;32m  OK  [0m] Listening on Socket activation for snappy daemon.
[[0;32m  OK  [0m] Listening on LXD - unix socket.
[[0;32m  OK  [0m] Reached target Sockets.
[[0;32m  OK  [0m] Reached target Basic System.
[[0;32m  OK  [0m] Started FUSE filesystem for LXC.
         Starting Login Service...
         Starting /etc/rc.local Compatibility...
         Starting LSB: Record successful boot for GRUB...
         Starting Accounts Service...
         Starting LSB: MD monitoring daemon...
         Starting LXD - container startup/shutdown...
         Starting System Logging Service...
         Starting Virtualbox guest utils...
[[0;32m  OK  [0m] Started Deferred execution scheduler.
[[0;32m  OK  [0m] Started ACPI event daemon.
[[0;32m  OK  [0m] Started D-Bus System Message Bus.
         Starting Pollinate to seed the pseudo random number generator...
[[0;32m  OK  [0m] Started Regular background program processing daemon.
         Starting Snappy daemon...
[[0;32m  OK  [0m] Started System Logging Service.
[[0;32m  OK  [0m] Started /etc/rc.local Compatibility.
[[0;32m  OK  [0m] Started iSCSI initiator daemon (iscsid).
[[0;32m  OK  [0m] Started LSB: MD monitoring daemon.
[[0;32m  OK  [0m] Started LXD - container startup/shutdown.
[[0;32m  OK  [0m] Started LSB: Record successful boot for GRUB.
[[0;32m  OK  [0m] Started Login Service.
[[0;32m  OK  [0m] Started Unattended Upgrades Shutdown.
         Starting Authenticate and Authorize Users to Run Privileged Tasks...
         Starting Login to default iSCSI targets...
[[0;32m  OK  [0m] Started Virtualbox guest utils.
[[0;32m  OK  [0m] Started Login to default iSCSI targets.
[[0;32m  OK  [0m] Reached target Remote File Systems (Pre).
[[0;32m  OK  [0m] Reached target Remote File Systems.
         Starting LSB: daemon to balance interrupts for SMP systems...
         Starting LSB: Set the CPU Frequency Scaling governor to "ondemand"...
         Starting LSB: automatic crash report generation...
         Starting Permit User Sessions...
[[0;32m  OK  [0m] Started Permit User Sessions.
         Starting Hold until boot process finishes up...
         Starting Terminate Plymouth Boot Screen...
[[0;32m  OK  [0m] Started Hold until boot process finishes up.
[[0;32m  OK  [0m] Started Authenticate and Authorize Users to Run Privileged Tasks.
[[0;32m  OK  [0m] Started Accounts Service.
[[0;32m  OK  [0m] Started Terminate Plymouth Boot Screen.
         Starting Set console scheme...
[[0;32m  OK  [0m] Started Serial Getty on ttyS0.
[[0;32m  OK  [0m] Started Getty on tty1.
[[0;32m  OK  [0m] Reached target Login Prompts.
[[0;32m  OK  [0m] Started LSB: daemon to balance interrupts for SMP systems.
[[0;32m  OK  [0m] Started LSB: Set the CPU Frequency Scaling governor to "ondemand".
[[0;32m  OK  [0m] Started LSB: automatic crash report generation.
[[0;32m  OK  [0m] Started Set console scheme.
[[0;32m  OK  [0m] Started Snappy daemon.
         Starting Wait until snapd is fully seeded...

Ubuntu 16.04.6 LTS ubuntu-xenial ttyS0

ubuntu-xenial login: [   33.981949] cloud-init[1858]: Generating locales (this might take a while)...
[   35.245369] cloud-init[1858]:   en_US.UTF-8... done
[   35.246299] cloud-init[1858]: Generation complete.
[   36.079853] cloud-init[1858]: Cloud-init v. 19.1-1-gbaa47854-0ubuntu1~16.04.1 running 'modules:config' at Tue, 25 Jun 2019 08:46:40 +0000. Up 33.80 seconds.
ci-info: no authorized ssh keys fingerprints found for user ubuntu.
<14>Jun 25 08:46:43 ec2: 
<14>Jun 25 08:46:43 ec2: #############################################################
<14>Jun 25 08:46:43 ec2: -----BEGIN SSH HOST KEY FINGERPRINTS-----
<14>Jun 25 08:46:43 ec2: 1024 SHA256:h18Hgt9meOgkt9CHFHrVWv1xhvdWOUdxut0z3M8jVTQ root@ubuntu-xenial (DSA)
<14>Jun 25 08:46:43 ec2: 256 SHA256:MhSsEDAqHK/Z0mrbFhaL2M2zMrInQ5YKctvURHBKYzE root@ubuntu-xenial (ECDSA)
<14>Jun 25 08:46:43 ec2: 256 SHA256:wFADFFbiWOV0FdjK2UsgTUDA3UR7x8L2K7ru0Ue/CoQ root@ubuntu-xenial (ED25519)
<14>Jun 25 08:46:43 ec2: 2048 SHA256:ibN1bkbonU9f03WKFb368bvy68ZmH5jOkcPttZAGpxE root@ubuntu-xenial (RSA)
<14>Jun 25 08:46:43 ec2: -----END SSH HOST KEY FINGERPRINTS-----
<14>Jun 25 08:46:43 ec2: #############################################################
-----BEGIN SSH HOST KEY KEYS-----
ecdsa-sha2-nistp256 AAAAE2VjZHNhLXNoYTItbmlzdHAyNTYAAAAIbmlzdHAyNTYAAABBBHiJZJqgP/UdT3gIRVTd06dn+YzWeHBt7zds2Og/h4MSRfArWNmideSOCANAvA72G54pCwOiYGgcAz5NVGd0Uno= root@ubuntu-xenial
ssh-ed25519 AAAAC3NzaC1lZDI1NTE5AAAAIBmaCLR+DJCbzSKl1Y6TkHto5j+erChoq9MvzncogqpQ root@ubuntu-xenial
ssh-rsa AAAAB3NzaC1yc2EAAAADAQABAAABAQCz2yJ1xr/5xkoePN5Phf4QoX17zezstTKFIfRiI6KJNk41yKlsmSSoV8RKHbTQD00eSPI2naiOMGjLQOmt/Tlv90X8cGuAuLHsTccjS5yJnSUofzGjZgXKBw0YohNO/W/SoV8SHiCvGojZaX38sPZwhnaY6pg1Vf4mJ2lPJ/WjReJTWKXr1ChJMADvWU0S6yYZ3/JAoGHbdXVx0ilIuGMdIq1eNO6qsnvnHgcn3avKDcOyTCmT23tIJkF1+pQX0iLCTcaH4O6P6szHqQtFnME5tAqm2/X7x4o4+7gtadegeiOnhTI71NFNNbYdrBfpZgsgAlx/k+aSZBzARHvXJtEZ root@ubuntu-xenial
-----END SSH HOST KEY KEYS-----
[   36.909016] cloud-init[1947]: Cloud-init v. 19.1-1-gbaa47854-0ubuntu1~16.04.1 running 'modules:final' at Tue, 25 Jun 2019 08:46:42 +0000. Up 36.65 seconds.
[   36.911072] cloud-init[1947]: ci-info: no authorized ssh keys fingerprints found for user ubuntu.
[   36.912378] cloud-init[1947]: Cloud-init v. 19.1-1-gbaa47854-0ubuntu1~16.04.1 finished at Tue, 25 Jun 2019 08:46:43 +0000. Datasource DataSourceNoCloud [seed=/dev/sdb][dsmode=net].  Up 36.90 seconds
[  987.658372] e1000 0000:00:03.0 enp0s3: Detected Tx Unit Hang
[  987.658372]   Tx Queue             <0>
[  987.658372]   TDH                  <f6>
[  987.658372]   TDT                  <f8>
[  987.658372]   next_to_use          <f8>
[  987.658372]   next_to_clean        <f6>
[  987.658372] buffer_info[next_to_clean]
[  987.658372]   time_stamp           <100029d80>
[  987.658372]   next_to_watch        <f7>
[  987.658372]   jiffies              <100029efa>
[  987.658372]   next_to_watch.status <0>
[  989.661512] e1000 0000:00:03.0 enp0s3: Detected Tx Unit Hang
[  989.661512]   Tx Queue             <0>
[  989.661512]   TDH                  <f6>
[  989.661512]   TDT                  <f8>
[  989.661512]   next_to_use          <f8>
[  989.661512]   next_to_clean        <f6>
[  989.661512] buffer_info[next_to_clean]
[  989.661512]   time_stamp           <100029d80>
[  989.661512]   next_to_watch        <f7>
[  989.661512]   jiffies              <10002a0ef>
[  989.661512]   next_to_watch.status <0>
[  991.408378] e1000 0000:00:03.0 enp0s3: Reset adapter
